$ next dev
- ready started server on 0.0.0.0:3000, url: http://localhost:3000
[35m[1mAttention[22m[39m: Next.js now collects completely anonymous telemetry regarding usage.
This information is used to shape Next.js' roadmap and prioritize features.
You can learn more, including how to opt-out if you'd not like to participate in this anonymous program, by visiting the following URL:
[36mhttps://nextjs.org/telemetry[39m

- [35mevent[39m compiled client and server successfully in 289 ms (20 modules)
- [36mwait[39m compiling...
- [35mevent[39m compiled client and server successfully in 176 ms (20 modules)
Watchpack Error (watcher): Error: EACCES: permission denied, watch '/home/ubuntu'
Watchpack Error (watcher): Error: EACCES: permission denied, watch '/etc/credstore'
Watchpack Error (watcher): Error: EACCES: permission denied, watch '/etc/credstore.encrypted'
Watchpack Error (watcher): Error: EACCES: permission denied, watch '/opt/containerd'
Watchpack Error (watcher): Error: EACCES: permission denied, watch '/root/.launchpadlib'
Watchpack Error (watcher): Error: EACCES: permission denied, watch '/root/.ssh'
Watchpack Error (watcher): Error: EACCES: permission denied, watch '/run/containerd'
Watchpack Error (watcher): Error: EACCES: permission denied, watch '/run/docker'
Watchpack Error (watcher): Error: EACCES: permission denied, watch '/run/sudo'
Watchpack Error (watcher): Error: EACCES: permission denied, watch '/tmp/systemd-private-8393954b4ef54800969994f58a388139-systemd-logind.service-GGS8bh'
Watchpack Error (initial scan): Error: EACCES: permission denied, scandir '/home/ubuntu'
Watchpack Error (initial scan): Error: EACCES: permission denied, scandir '/etc/credstore'
Watchpack Error (initial scan): Error: EACCES: permission denied, scandir '/etc/credstore.encrypted'
Watchpack Error (initial scan): Error: EACCES: permission denied, scandir '/opt/containerd'
Watchpack Error (initial scan): Error: EACCES: permission denied, scandir '/root/.launchpadlib'
Watchpack Error (initial scan): Error: EACCES: permission denied, scandir '/root/.ssh'
Watchpack Error (initial scan): Error: EACCES: permission denied, scandir '/run/containerd'
Watchpack Error (initial scan): Error: EACCES: permission denied, scandir '/run/docker'
Watchpack Error (initial scan): Error: EACCES: permission denied, scandir '/run/sudo'
Watchpack Error (initial scan): Error: EACCES: permission denied, scandir '/tmp/systemd-private-8393954b4ef54800969994f58a388139-systemd-logind.service-GGS8bh'
(node:2826) [DEP0060] DeprecationWarning: The `util._extend` API is deprecated. Please use Object.assign() instead.
(Use `node --trace-deprecation ...` to show where the warning was created)
- [36mwait[39m compiling /page (client and server)...
Browserslist: caniuse-lite is outdated. Please run:
  npx update-browserslist-db@latest
  Why you should do it regularly: https://github.com/browserslist/update-db#readme
- [35mevent[39m compiled client and server successfully in 8.2s (686 modules)
- [36mwait[39m compiling...
- [35mevent[39m compiled successfully in 593 ms (339 modules)

-  [90m┌[39m [36mGET[39m / 200 in [33m1279ms[39m
   [90m│[39m
   [90m└────[39m [36mGET[39m https://cars-by-api-ninj../v1/cars?make=&year=2022.. 401 in [32m386ms[39m (cache: [33mMISS[39m)

[?25h
